<?xml version="1.0" encoding="UTF-8"?>
<!-- Generated by org.testng.reporters.JUnitXMLReporter -->
<testsuite ignored="2" hostname="HP" failures="1" tests="1" name="Parameter Test three" time="0.033" errors="0" timestamp="2020-03-08T22:17:11 IST">
  <testcase classname="mypackage.TestNGParameters1" name="prameterTestThree" time="0.0">
    <failure type="org.testng.TestNGException" message="
Parameter &amp;apos;test-three-param&amp;apos; is required by @Test on method prameterTestThree but has not been marked @Optional or defined
in C:\Users\SHRAMANA\Desktop\Self Learning\Selenium\Selenium with Java\MyJavaProject\TestNGParameters1.xml">
      <![CDATA[org.testng.TestNGException: 
Parameter 'test-three-param' is required by @Test on method prameterTestThree but has not been marked @Optional or defined
in C:\Users\SHRAMANA\Desktop\Self Learning\Selenium\Selenium with Java\MyJavaProject\TestNGParameters1.xml
at java.base/java.util.ArrayList.forEach(ArrayList.java:1507)
... Removed 26 stack frames]]>
    </failure>
  </testcase> <!-- prameterTestThree -->
  <testcase classname="mypackage.TestNGParameters1" name="prameterTestTwo" time="0.0">
    <ignored/>
  </testcase> <!-- prameterTestTwo -->
  <testcase classname="mypackage.TestNGParameters1" name="prameterTestOne" time="0.0">
    <ignored/>
  </testcase> <!-- prameterTestOne -->
</testsuite> <!-- Parameter Test three -->
